<?xml version="1.0" encoding="UTF-8"?>
<!-- Generated by org.testng.reporters.JUnitReportReporter -->
<testsuite skipped="0" hostname="DESKTOP-RTS8LFV" name="Acme.Acme.AceVendorSearch" tests="1" failures="0" timestamp="2019-10-12T15:08:12 IST" time="24.472" errors="0">
  <testcase name="aceVendor" time="24.472" classname="Acme.Acme.AceVendorSearch"/>
</testsuite> <!-- Acme.Acme.AceVendorSearch -->
